2019-07-03 00:15:39,497-common.base_page-INFO-等待元素可见('xpath', '//input[@name="account"]')
2019-07-03 00:15:39,543-common.base_page-INFO-开始时间点2019-07-03 00:15:39.498556，结束时间点2019-07-03 00:15:39.543301，等待时长0:00:00.044745
2019-07-03 00:15:39,543-common.base_page-INFO-查找用户输入框种的元素('xpath', '//input[@name="account"]')
2019-07-03 00:15:39,559-common.base_page-INFO-元素('xpath', '//input[@name="account"]')输入文本内容
2019-07-03 00:15:39,708-common.base_page-INFO-等待元素可见('xpath', '//input[@name="pass"]')
2019-07-03 00:15:39,742-common.base_page-INFO-开始时间点2019-07-03 00:15:39.708858，结束时间点2019-07-03 00:15:39.742767，等待时长0:00:00.033909
2019-07-03 00:15:39,743-common.base_page-INFO-查找密码框种的元素('xpath', '//input[@name="pass"]')
2019-07-03 00:15:39,755-common.base_page-INFO-元素('xpath', '//input[@name="pass"]')输入文本内容
2019-07-03 00:15:39,847-common.base_page-INFO-等待元素可见('xpath', '//a[@class="btn-btn"]')
2019-07-03 00:15:39,881-common.base_page-INFO-开始时间点2019-07-03 00:15:39.848493，结束时间点2019-07-03 00:15:39.881398，等待时长0:00:00.032905
2019-07-03 00:15:39,881-common.base_page-INFO-查找登录框种的元素('xpath', '//a[@class="btn-btn"]')
2019-07-03 00:15:39,893-common.base_page-INFO-点击元素('xpath', '//a[@class="btn-btn"]')
2019-07-03 00:15:39,977-common.base_page-INFO-查找种的元素('xpath', '//a[@class="close"]')
2019-07-03 00:15:40,004-common.base_page-ERROR-查找元素失败
Traceback (most recent call last):
  File "F:\MyProject\web_ketangpai\common\base_page.py", line 42, in get_element
    ele = self.driver.find_element(*loc) # 解包两个值
  File "F:\Program Files\Python37\lib\site-packages\selenium\webdriver\remote\webdriver.py", line 978, in find_element
    'value': value})['value']
  File "F:\Program Files\Python37\lib\site-packages\selenium\webdriver\remote\webdriver.py", line 321, in execute
    self.error_handler.check_response(response)
  File "F:\Program Files\Python37\lib\site-packages\selenium\webdriver\remote\errorhandler.py", line 242, in check_response
    raise exception_class(message, screen, stacktrace)
selenium.common.exceptions.NoSuchElementException: Message: no such element: Unable to locate element: {"method":"xpath","selector":"//a[@class="close"]"}
  (Session info: chrome=75.0.3770.100)
  (Driver info: chromedriver=74.0.3729.6 (255758eccf3d244491b8a1317aa76e1ce10d57e9-refs/branch-heads/3729@{#29}),platform=Windows NT 10.0.17134 x86_64)

2019-07-03 00:15:41,243-common.base_page-INFO-网页截图成功。图片存储在：F:\MyProject\web_ketangpai\screenshots/_2019-07-03 00_15_40.png
2019-07-03 00:15:44,243-common.base_page-INFO-等待元素可见('xpath', '//a[text()="Python全栈第15期"]')
2019-07-03 00:15:44,279-common.base_page-INFO-开始时间点2019-07-03 00:15:44.243790，结束时间点2019-07-03 00:15:44.279628，等待时长0:00:00.035838
2019-07-03 00:15:44,280-common.base_page-INFO-查找种的元素('xpath', '//a[text()="Python全栈第15期"]')
2019-07-03 00:15:44,294-common.base_page-INFO-点击元素('xpath', '//a[text()="Python全栈第15期"]')
2019-07-03 00:15:44,345-common.base_page-ERROR-点击元素失败
2019-07-03 00:15:44,701-common.base_page-INFO-网页截图成功。图片存储在：F:\MyProject\web_ketangpai\screenshots/_2019-07-03 00_15_44.png
