{"name": "test_upload", "status": "failed", "statusDetails": {"message": "AssertionError: assert 1 == 0\n  -1\n  +0", "trace": "self = <TestCases.test_work.TestWork object at 0x0000017B70D1EC18>\ngo_work_detail = <PageObjects.home_detail_page.DetailPage object at 0x0000017B70D1EB70>\nlogin_web = <selenium.webdriver.chrome.webdriver.WebDriver (session=\"7120883c881b1bb84cbd9d187e764c14\")>\n\n    @allure.story(\"上传文件\")\n    def test_upload(self,go_work_detail,login_web):\n        time.sleep(2)\n        work_num=go_work_detail.check_work_list()\n        print(work_num)\n        log_num =go_work_detail.check_upload_log()\n        go_work_detail.new_upload(\"f:\\\\o.html\")\n        #login_web.refresh\n        time.sleep(2)\n        after_work_num = go_work_detail.check_work_list()\n        after_log_num = go_work_detail.check_upload_log()\n        print(work_num,log_num,after_log_num,after_work_num)\n        assert work_num+1==after_work_num\n>       assert log_num+1==after_log_num\nE       assert 1 == 0\nE         -1\nE         +0\n\nTestCases\\test_work.py:29: AssertionError"}, "start": 1562259135706, "stop": 1562259149379, "uuid": "9dce2801-651e-4de7-a02b-46397b112653", "historyId": "202890e6f82a9bdcbe059df3463f5798", "fullName": "TestCases.test_work.TestWork#test_upload", "labels": [{"name": "story", "value": "上传文件"}, {"name": "feature", "value": "作业"}, {"name": "parentSuite", "value": "TestCases"}, {"name": "suite", "value": "test_work"}, {"name": "subSuite", "value": "TestWork"}, {"name": "host", "value": "DESKTOP-F99FSHQ"}, {"name": "thread", "value": "16424-MainThread"}, {"name": "framework", "value": "pytest"}, {"name": "language", "value": "cpython3"}, {"name": "package", "value": "TestCases.test_work"}]}