{
  "uid" : "c05762128f46e7d9",
  "name" : "test_add_msg",
  "fullName" : "TestCases.test_work.TestWork#test_add_msg",
  "historyId" : "f5876750da3ddb5fb9b1e33a9de09d99",
  "time" : {
    "start" : 1562255269410,
    "stop" : 1562255300132,
    "duration" : 30722
  },
  "status" : "skipped",
  "statusMessage" : "selenium.common.exceptions.TimeoutException: Message:",
  "statusTrace" : "self = <TestCases.test_work.TestWork object at 0x000001D0B27B55C0>\ngo_work_detail = <PageObjects.home_detail_page.DetailPage object at 0x000001D0B27805C0>\n\n    @pytest.mark.xfail\n    def test_add_msg(self,go_work_detail):\n>       go_work_detail.add_work_msg(\"msg\")\n\nTestCases\\test_work.py:32: \n_ _ _ _ _ _ _ _ _ _ _ _ _ _ _ _ _ _ _ _ _ _ _ _ _ _ _ _ _ _ _ _ _ _ _ _ _ _ _ _\nPageObjects\\home_detail_page.py:23: in add_work_msg\n    self.input_text(loc.click_input_loc,msg)\ncommon\\base_page.py:90: in input_text\n    self.wait_ele_visible(loc, img_doc)\ncommon\\base_page.py:26: in wait_ele_visible\n    WebDriverWait(self.driver,timeout).until(EC.visibility_of_element_located(loc))\n_ _ _ _ _ _ _ _ _ _ _ _ _ _ _ _ _ _ _ _ _ _ _ _ _ _ _ _ _ _ _ _ _ _ _ _ _ _ _ _\n\nself = <selenium.webdriver.support.wait.WebDriverWait (session=\"b6b9909eee651e34ee56c628558018ea\")>\nmethod = <selenium.webdriver.support.expected_conditions.visibility_of_element_located object at 0x000001D0B27B5240>\nmessage = ''\n\n    def until(self, method, message=''):\n        \"\"\"Calls the method provided with the driver as an argument until the \\\n        return value is not False.\"\"\"\n        screen = None\n        stacktrace = None\n    \n        end_time = time.time() + self._timeout\n        while True:\n            try:\n                value = method(self._driver)\n                if value:\n                    return value\n            except self._ignored_exceptions as exc:\n                screen = getattr(exc, 'screen', None)\n                stacktrace = getattr(exc, 'stacktrace', None)\n            time.sleep(self._poll)\n            if time.time() > end_time:\n                break\n>       raise TimeoutException(message, screen, stacktrace)\nE       selenium.common.exceptions.TimeoutException: Message:\n\nf:\\program files\\python37\\lib\\site-packages\\selenium\\webdriver\\support\\wait.py:80: TimeoutException",
  "flaky" : false,
  "newFailed" : false,
  "beforeStages" : [ {
    "name" : "login_web",
    "time" : {
      "start" : 1562255251264,
      "stop" : 1562255251511,
      "duration" : 247
    },
    "status" : "passed",
    "steps" : [ ],
    "attachments" : [ ],
    "parameters" : [ ],
    "stepsCount" : 0,
    "hasContent" : false,
    "shouldDisplayMessage" : false,
    "attachmentsCount" : 0
  }, {
    "name" : "open_url",
    "time" : {
      "start" : 1562255247029,
      "stop" : 1562255251264,
      "duration" : 4235
    },
    "status" : "passed",
    "steps" : [ ],
    "attachments" : [ ],
    "parameters" : [ ],
    "stepsCount" : 0,
    "hasContent" : false,
    "shouldDisplayMessage" : false,
    "attachmentsCount" : 0
  }, {
    "name" : "go_work_detail",
    "time" : {
      "start" : 1562255251511,
      "stop" : 1562255258677,
      "duration" : 7166
    },
    "status" : "passed",
    "steps" : [ ],
    "attachments" : [ ],
    "parameters" : [ ],
    "stepsCount" : 0,
    "hasContent" : false,
    "shouldDisplayMessage" : false,
    "attachmentsCount" : 0
  } ],
  "afterStages" : [ {
    "name" : "login_web::0",
    "time" : {
      "start" : 1562255302713,
      "stop" : 1562255302713,
      "duration" : 0
    },
    "status" : "passed",
    "steps" : [ ],
    "attachments" : [ ],
    "parameters" : [ ],
    "stepsCount" : 0,
    "hasContent" : false,
    "shouldDisplayMessage" : false,
    "attachmentsCount" : 0
  }, {
    "name" : "open_url::0",
    "time" : {
      "start" : 1562255302715,
      "stop" : 1562255304853,
      "duration" : 2138
    },
    "status" : "passed",
    "steps" : [ ],
    "attachments" : [ ],
    "parameters" : [ ],
    "stepsCount" : 0,
    "hasContent" : false,
    "shouldDisplayMessage" : false,
    "attachmentsCount" : 0
  }, {
    "name" : "go_work_detail::0",
    "time" : {
      "start" : 1562255302612,
      "stop" : 1562255302612,
      "duration" : 0
    },
    "status" : "passed",
    "steps" : [ ],
    "attachments" : [ ],
    "parameters" : [ ],
    "stepsCount" : 0,
    "hasContent" : false,
    "shouldDisplayMessage" : false,
    "attachmentsCount" : 0
  } ],
  "labels" : [ {
    "name" : "feature",
    "value" : "作业"
  }, {
    "name" : "tag",
    "value" : "xfail"
  }, {
    "name" : "parentSuite",
    "value" : "TestCases"
  }, {
    "name" : "suite",
    "value" : "test_work"
  }, {
    "name" : "subSuite",
    "value" : "TestWork"
  }, {
    "name" : "host",
    "value" : "DESKTOP-F99FSHQ"
  }, {
    "name" : "thread",
    "value" : "16908-MainThread"
  }, {
    "name" : "framework",
    "value" : "pytest"
  }, {
    "name" : "language",
    "value" : "cpython3"
  }, {
    "name" : "package",
    "value" : "TestCases.test_work"
  }, {
    "name" : "resultFormat",
    "value" : "allure2"
  } ],
  "parameters" : [ ],
  "links" : [ ],
  "hidden" : true,
  "retry" : true,
  "extra" : {
    "categories" : [ ],
    "tags" : [ "xfail" ]
  },
  "source" : "c05762128f46e7d9.json",
  "parameterValues" : [ ]
}